SF:lib/common/exception.dart
DA:6,3
LF:1
LH:1
end_of_record
SF:lib/data/datasources/tv_remote_data_source.dart
DA:25,1
DA:28,1
DA:30,5
DA:32,2
DA:33,4
DA:35,1
DA:40,1
DA:41,5
DA:43,2
DA:44,3
DA:46,1
DA:51,1
DA:52,2
DA:53,3
DA:55,2
DA:56,4
DA:58,1
DA:63,1
DA:65,5
DA:67,2
DA:68,4
DA:70,1
DA:75,1
DA:77,5
DA:79,2
DA:80,4
DA:82,1
DA:87,1
DA:88,2
DA:89,3
DA:91,2
DA:92,4
DA:94,1
DA:99,0
DA:101,0
DA:102,0
DA:104,0
DA:105,0
DA:107,0
LF:39
LH:33
end_of_record
SF:lib/data/models/tv_detail_model.dart
DA:7,1
DA:39,1
DA:40,1
DA:41,1
DA:42,1
DA:43,1
DA:44,1
DA:45,4
DA:46,1
DA:47,2
DA:48,1
DA:49,1
DA:50,1
DA:51,2
DA:52,1
DA:53,2
DA:54,1
DA:55,1
DA:56,4
DA:59,0
DA:60,0
DA:61,0
DA:62,0
DA:63,0
DA:64,0
DA:66,0
DA:67,0
DA:68,0
DA:69,0
DA:70,0
DA:71,0
DA:72,0
DA:73,0
DA:74,0
DA:77,0
DA:78,0
DA:79,0
DA:80,0
DA:81,0
DA:82,0
DA:83,0
DA:84,0
DA:85,0
DA:86,0
DA:87,0
DA:88,0
DA:89,0
DA:90,0
DA:91,0
DA:92,0
DA:95,1
DA:96,1
DA:97,1
DA:98,1
DA:99,1
DA:100,1
DA:101,1
DA:102,1
DA:103,1
DA:104,1
DA:105,1
DA:106,1
DA:107,1
DA:108,1
DA:109,1
DA:110,1
LF:66
LH:35
end_of_record
SF:lib/data/models/tv_response.dart
DA:7,2
DA:9,4
DA:10,4
DA:11,6
DA:12,6
DA:15,2
DA:16,5
DA:19,1
DA:20,2
LF:9
LH:9
end_of_record
SF:lib/common/failure.dart
DA:6,16
DA:8,1
DA:9,2
DA:13,32
DA:17,2
DA:21,2
DA:25,2
LF:7
LH:7
end_of_record
SF:lib/data/datasources/db/database_helper.dart
DA:9,0
DA:13,0
DA:17,0
DA:19,0
DA:27,0
DA:28,0
DA:29,0
DA:31,0
DA:35,0
DA:36,0
DA:43,0
DA:44,0
DA:51,0
DA:54,0
DA:55,0
DA:56,0
DA:59,0
DA:60,0
DA:61,0
DA:64,0
DA:65,0
DA:66,0
DA:69,0
DA:73,0
DA:74,0
DA:75,0
DA:78,0
DA:82,0
DA:83,0
DA:84,0
DA:87,0
DA:90,0
DA:91,0
DA:97,0
DA:98,0
DA:99,0
DA:102,0
DA:105,0
DA:106,0
DA:112,0
DA:113,0
DA:114,0
DA:119,0
DA:120,0
DA:121,0
LF:45
LH:0
end_of_record
SF:lib/data/datasources/movie_local_data_source.dart
DA:15,1
DA:18,1
DA:20,3
DA:23,2
DA:28,1
DA:30,3
DA:33,2
DA:38,1
DA:39,3
DA:41,1
DA:48,1
DA:49,3
DA:50,4
LF:13
LH:13
end_of_record
SF:lib/data/datasources/movie_remote_data_source.dart
DA:24,1
DA:27,1
DA:29,5
DA:31,2
DA:32,4
DA:34,1
DA:39,1
DA:41,5
DA:43,2
DA:44,3
DA:46,1
DA:51,1
DA:52,2
DA:53,3
DA:55,2
DA:56,4
DA:58,1
DA:63,1
DA:65,5
DA:67,2
DA:68,4
DA:70,1
DA:75,1
DA:77,5
DA:79,2
DA:80,4
DA:82,1
DA:87,1
DA:88,2
DA:89,3
DA:91,2
DA:92,4
DA:94,1
LF:33
LH:33
end_of_record
SF:lib/data/datasources/tv_local_data_source.dart
DA:15,1
DA:18,1
DA:20,3
DA:23,2
DA:28,1
DA:30,3
DA:33,2
DA:38,1
DA:39,3
DA:41,1
DA:48,1
DA:49,3
DA:50,4
LF:13
LH:13
end_of_record
SF:lib/data/models/movie_detail_model.dart
DA:6,2
DA:52,1
DA:53,1
DA:54,1
DA:55,1
DA:56,1
DA:57,1
DA:58,4
DA:59,1
DA:60,1
DA:61,1
DA:62,1
DA:63,1
DA:64,1
DA:65,2
DA:66,1
DA:67,1
DA:68,1
DA:69,1
DA:70,1
DA:71,1
DA:72,1
DA:73,1
DA:74,2
DA:75,1
DA:78,0
DA:79,0
DA:80,0
DA:81,0
DA:82,0
DA:83,0
DA:84,0
DA:85,0
DA:86,0
DA:87,0
DA:88,0
DA:89,0
DA:90,0
DA:91,0
DA:92,0
DA:93,0
DA:94,0
DA:95,0
DA:96,0
DA:97,0
DA:98,0
DA:99,0
DA:102,1
DA:103,1
DA:104,1
DA:105,1
DA:106,5
DA:107,1
DA:108,1
DA:109,1
DA:110,1
DA:111,1
DA:112,1
DA:113,1
DA:114,1
DA:115,1
DA:119,1
DA:120,1
DA:121,1
DA:122,1
DA:123,1
DA:124,1
DA:125,1
DA:126,1
DA:127,1
DA:128,1
DA:129,1
DA:130,1
DA:131,1
DA:132,1
DA:133,1
DA:134,1
DA:135,1
DA:136,1
DA:137,1
DA:138,1
DA:139,1
DA:140,1
DA:141,1
LF:84
LH:62
end_of_record
SF:lib/data/models/movie_model.dart
DA:5,4
DA:35,4
DA:36,2
DA:37,2
DA:38,8
DA:39,2
DA:40,2
DA:41,2
DA:42,4
DA:43,2
DA:44,2
DA:45,2
DA:46,2
DA:47,4
DA:48,2
DA:51,2
DA:52,1
DA:53,1
DA:54,4
DA:55,1
DA:56,1
DA:57,1
DA:58,1
DA:59,1
DA:60,1
DA:61,1
DA:62,1
DA:63,1
DA:64,1
DA:67,2
DA:68,2
DA:69,2
DA:70,2
DA:71,2
DA:72,2
DA:73,2
DA:74,2
DA:75,2
DA:76,2
DA:77,2
DA:78,2
DA:79,2
DA:80,2
DA:81,2
DA:85,2
DA:86,2
DA:87,2
DA:88,2
DA:89,2
DA:90,2
DA:91,2
DA:92,2
DA:93,2
DA:94,2
DA:95,2
DA:96,2
DA:97,2
DA:98,2
DA:99,2
LF:59
LH:59
end_of_record
SF:lib/data/models/movie_table.dart
DA:11,2
DA:18,2
DA:19,1
DA:20,1
DA:21,1
DA:22,1
DA:25,2
DA:26,1
DA:27,1
DA:28,1
DA:29,1
DA:32,0
DA:33,0
DA:34,0
DA:35,0
DA:36,0
DA:39,2
DA:40,1
DA:41,1
DA:42,1
DA:43,1
DA:46,2
DA:47,10
LF:23
LH:18
end_of_record
SF:lib/data/models/tv_episode_model.dart
DA:5,1
DA:29,0
DA:30,0
DA:31,0
DA:32,0
DA:33,0
DA:34,0
DA:35,0
DA:36,0
DA:37,0
DA:38,0
DA:39,0
DA:42,0
DA:43,0
DA:44,0
DA:45,0
DA:46,0
DA:47,0
DA:48,0
DA:49,0
DA:50,0
DA:51,0
DA:52,0
DA:55,1
DA:56,1
DA:57,1
DA:58,1
DA:59,1
DA:60,1
DA:61,1
DA:62,1
DA:63,1
DA:64,1
DA:65,1
DA:66,1
DA:69,0
DA:70,0
DA:71,0
DA:72,0
DA:73,0
DA:74,0
DA:75,0
DA:76,0
DA:77,0
DA:78,0
DA:79,0
DA:80,0
LF:47
LH:13
end_of_record
SF:lib/data/models/tv_model.dart
DA:5,3
DA:35,4
DA:36,2
DA:37,2
DA:38,8
DA:39,2
DA:40,2
DA:41,8
DA:42,2
DA:43,2
DA:44,2
DA:45,4
DA:46,2
DA:47,4
DA:48,2
DA:51,2
DA:52,1
DA:53,1
DA:54,4
DA:55,1
DA:56,1
DA:57,4
DA:58,1
DA:59,1
DA:60,1
DA:61,1
DA:62,1
DA:63,1
DA:64,1
DA:67,1
DA:68,1
DA:69,1
DA:70,1
DA:71,1
DA:72,1
DA:73,1
DA:74,1
DA:75,1
DA:76,1
DA:77,1
DA:78,1
DA:79,1
DA:80,1
DA:81,1
DA:84,2
DA:85,2
DA:86,2
DA:87,2
DA:88,2
DA:89,2
DA:90,2
DA:91,2
DA:92,2
DA:93,2
DA:94,2
DA:95,2
DA:96,2
DA:97,2
DA:98,2
LF:59
LH:59
end_of_record
SF:lib/data/models/tv_table.dart
DA:11,1
DA:18,0
DA:19,0
DA:20,0
DA:21,0
DA:22,0
DA:25,2
DA:26,1
DA:27,1
DA:28,1
DA:29,1
DA:32,0
DA:33,0
DA:34,0
DA:35,0
DA:36,0
DA:39,0
DA:40,0
DA:42,1
DA:43,5
LF:20
LH:8
end_of_record
SF:lib/domain/entities/movie.dart
DA:5,12
DA:21,1
DA:42,8
DA:43,8
DA:44,8
DA:45,8
DA:46,8
DA:47,8
DA:48,8
DA:49,8
DA:50,8
DA:51,8
DA:52,8
DA:53,8
DA:54,8
DA:55,8
DA:56,8
LF:17
LH:17
end_of_record
SF:lib/domain/entities/movie_detail.dart
DA:5,7
DA:33,2
DA:34,2
DA:35,2
DA:36,2
DA:37,2
DA:38,2
DA:39,2
DA:40,2
DA:41,2
DA:42,2
DA:43,2
DA:44,2
DA:45,2
LF:14
LH:14
end_of_record
SF:lib/domain/entities/tv.dart
DA:5,11
DA:21,0
DA:42,7
DA:43,7
DA:44,7
DA:45,7
DA:46,7
DA:47,7
DA:48,7
DA:49,7
DA:50,7
DA:51,7
DA:52,7
DA:53,7
DA:54,7
DA:55,7
DA:56,7
LF:17
LH:16
end_of_record
SF:lib/domain/entities/tv_detail.dart
DA:6,4
DA:38,1
DA:39,1
DA:40,1
DA:41,1
DA:42,1
DA:43,1
DA:44,1
DA:45,1
DA:46,1
DA:47,1
DA:48,1
DA:49,1
DA:50,1
DA:51,1
DA:52,1
DA:53,1
LF:17
LH:17
end_of_record
SF:lib/domain/entities/tv_episode.dart
DA:4,3
DA:28,2
DA:29,2
DA:30,2
DA:31,2
DA:32,2
DA:33,2
DA:34,2
DA:35,2
DA:36,2
DA:37,2
DA:38,2
DA:39,2
LF:13
LH:13
end_of_record
SF:lib/data/models/movie_response.dart
DA:7,2
DA:9,4
DA:10,4
DA:11,6
DA:12,6
DA:15,2
DA:16,5
DA:19,1
DA:20,2
LF:9
LH:9
end_of_record
SF:lib/data/models/genre_model.dart
DA:5,3
DA:13,4
DA:14,2
DA:15,2
DA:18,0
DA:19,0
DA:20,0
DA:23,1
DA:24,3
DA:27,2
DA:28,6
LF:11
LH:8
end_of_record
SF:lib/domain/entities/genre.dart
DA:4,11
DA:12,3
DA:13,9
LF:3
LH:3
end_of_record
SF:lib/data/models/tv_season_model.dart
DA:5,1
DA:23,2
DA:24,1
DA:25,1
DA:26,1
DA:27,1
DA:28,1
DA:29,1
DA:30,1
DA:33,0
DA:34,0
DA:35,0
DA:36,0
DA:37,0
DA:38,0
DA:39,0
DA:40,0
DA:43,0
DA:44,0
DA:45,0
DA:46,0
DA:47,0
DA:48,0
DA:49,0
DA:50,0
DA:51,0
DA:54,1
DA:55,1
DA:56,1
DA:57,1
DA:58,1
DA:59,1
DA:60,1
DA:61,1
DA:62,1
LF:35
LH:18
end_of_record
SF:lib/domain/entities/season.dart
DA:4,4
DA:22,1
DA:23,1
DA:24,1
DA:25,1
DA:26,1
DA:27,1
DA:28,1
DA:29,1
DA:30,1
LF:10
LH:10
end_of_record
SF:lib/domain/usecases/get_movie_detail.dart
DA:9,1
DA:11,1
DA:12,2
LF:3
LH:3
end_of_record
SF:lib/domain/usecases/get_movie_recommendations.dart
DA:9,1
DA:11,1
DA:12,2
LF:3
LH:3
end_of_record
SF:lib/domain/usecases/get_now_playing_movies.dart
DA:9,1
DA:11,1
DA:12,2
LF:3
LH:3
end_of_record
SF:lib/domain/usecases/get_popular_movies.dart
DA:9,1
DA:11,1
DA:12,2
LF:3
LH:3
end_of_record
SF:lib/domain/usecases/get_top_rated_movies.dart
DA:9,1
DA:11,1
DA:12,2
LF:3
LH:3
end_of_record
SF:lib/domain/usecases/get_watchlist_movies.dart
DA:9,1
DA:11,1
DA:12,2
LF:3
LH:3
end_of_record
SF:lib/domain/usecases/get_watchlist_status.dart
DA:6,1
DA:8,1
DA:9,2
LF:3
LH:3
end_of_record
SF:lib/domain/usecases/remove_watchlist.dart
DA:9,1
DA:11,1
DA:12,2
LF:3
LH:3
end_of_record
SF:lib/domain/usecases/save_watchlist.dart
DA:9,1
DA:11,1
DA:12,2
LF:3
LH:3
end_of_record
SF:lib/domain/usecases/search_movies.dart
DA:9,1
DA:11,1
DA:12,2
LF:3
LH:3
end_of_record
SF:lib/domain/usecases/tv/get_now_playing_tvs.dart
DA:9,1
DA:11,1
DA:12,2
LF:3
LH:3
end_of_record
SF:lib/domain/usecases/tv/get_popular_tvs.dart
DA:9,1
DA:11,1
DA:12,2
LF:3
LH:3
end_of_record
SF:lib/domain/usecases/tv/get_top_rated_tvs.dart
DA:9,1
DA:11,1
DA:12,2
LF:3
LH:3
end_of_record
SF:lib/domain/usecases/tv/get_tv_detail.dart
DA:9,0
DA:11,0
DA:12,0
LF:3
LH:0
end_of_record
SF:lib/domain/usecases/tv/get_tv_episode_detail.dart
DA:9,0
DA:11,0
DA:12,0
LF:3
LH:0
end_of_record
SF:lib/domain/usecases/tv/get_tv_recommendations.dart
DA:9,0
DA:11,0
DA:12,0
LF:3
LH:0
end_of_record
SF:lib/domain/usecases/tv/get_tv_watchlist_status.dart
DA:6,0
DA:8,0
DA:9,0
LF:3
LH:0
end_of_record
SF:lib/domain/usecases/tv/get_watchlist_tvs.dart
DA:9,0
DA:11,0
DA:12,0
LF:3
LH:0
end_of_record
SF:lib/domain/usecases/tv/remove_tv_watchlist.dart
DA:9,0
DA:11,0
DA:12,0
LF:3
LH:0
end_of_record
SF:lib/domain/usecases/tv/save_tv_watchlist.dart
DA:9,0
DA:11,0
DA:12,0
LF:3
LH:0
end_of_record
SF:lib/domain/usecases/tv/search_tvs.dart
DA:9,0
DA:11,0
DA:12,0
LF:3
LH:0
end_of_record
SF:lib/presentation/bloc/state/movie_detail_state.dart
DA:4,2
DA:6,1
DA:7,1
DA:17,1
DA:19,1
DA:20,2
DA:26,2
DA:28,1
DA:29,2
LF:9
LH:9
end_of_record
SF:lib/presentation/bloc/event/movie_detail_event.dart
DA:4,2
DA:6,0
DA:7,0
DA:13,2
DA:15,0
DA:16,0
LF:6
LH:2
end_of_record
SF:lib/presentation/bloc/bloc/movie_detail_bloc.dart
DA:12,3
DA:13,2
DA:14,2
DA:16,4
DA:18,1
DA:19,2
DA:20,2
DA:22,2
DA:23,1
LF:9
LH:9
end_of_record
SF:lib/data/repositories/movie_repository_impl.dart
DA:17,1
DA:23,1
DA:25,3
DA:26,5
DA:27,1
DA:28,2
DA:29,1
DA:30,2
DA:31,1
DA:32,2
DA:37,1
DA:39,3
DA:40,2
DA:41,1
DA:42,2
DA:43,1
DA:44,2
DA:45,1
DA:46,2
DA:51,1
DA:53,3
DA:54,3
DA:55,1
DA:56,2
DA:57,1
DA:58,2
DA:59,1
DA:60,2
DA:65,1
DA:67,3
DA:68,5
DA:69,1
DA:70,2
DA:71,1
DA:72,2
DA:73,1
DA:74,2
DA:79,1
DA:81,3
DA:82,5
DA:83,1
DA:84,2
DA:85,1
DA:86,2
DA:87,1
DA:88,2
DA:93,1
DA:95,3
DA:96,5
DA:97,1
DA:98,2
DA:99,1
DA:100,2
DA:101,1
DA:102,2
DA:107,1
DA:110,4
DA:111,1
DA:112,1
DA:113,3
DA:114,0
DA:115,0
DA:122,1
DA:125,4
DA:126,1
DA:127,1
DA:128,3
DA:129,0
DA:130,0
DA:135,1
DA:136,3
DA:141,1
DA:142,3
DA:143,5
LF:74
LH:70
end_of_record
SF:lib/presentation/bloc/bloc/movie_recommendations_bloc.dart
DA:13,1
DA:14,2
DA:15,2
DA:16,2
DA:18,4
DA:20,1
DA:21,2
DA:22,2
DA:24,2
DA:25,1
LF:10
LH:10
end_of_record
SF:lib/presentation/bloc/state/movie_recommendations_state.dart
DA:4,2
DA:6,1
DA:7,1
DA:17,1
DA:19,1
DA:20,2
DA:26,2
DA:28,1
DA:29,2
LF:9
LH:9
end_of_record
SF:lib/presentation/bloc/event/movie_recommendations_event.dart
DA:4,2
DA:6,0
DA:7,0
DA:13,2
DA:15,0
DA:16,0
LF:6
LH:2
end_of_record
SF:lib/presentation/bloc/state/movie_search_state.dart
DA:4,2
DA:6,1
DA:7,1
DA:17,1
DA:19,1
DA:20,2
DA:26,2
DA:28,1
DA:29,2
LF:9
LH:9
end_of_record
SF:lib/presentation/bloc/bloc/movie_search_bloc.dart
DA:13,3
DA:14,2
DA:15,1
DA:17,2
DA:18,3
DA:20,1
DA:21,1
DA:22,3
DA:24,1
DA:25,2
DA:28,1
LF:11
LH:11
end_of_record
SF:lib/presentation/bloc/event/movie_search_event.dart
DA:4,1
DA:6,0
DA:7,0
DA:13,1
DA:15,0
DA:16,0
DA:19,1
DA:20,3
LF:8
LH:4
end_of_record
SF:lib/presentation/bloc/state/now_playing_movies_state.dart
DA:4,2
DA:6,1
DA:7,1
DA:17,1
DA:19,1
DA:20,2
DA:26,2
DA:28,1
DA:29,2
LF:9
LH:9
end_of_record
SF:lib/presentation/bloc/event/now_playing_movies_event.dart
DA:4,2
DA:6,0
DA:7,0
LF:3
LH:1
end_of_record
SF:lib/presentation/bloc/bloc/now_playing_movies_bloc.dart
DA:13,1
DA:14,2
DA:15,2
DA:16,2
DA:18,3
DA:20,1
DA:21,2
DA:22,2
DA:24,2
DA:25,1
LF:10
LH:10
end_of_record
SF:lib/presentation/bloc/state/now_playing_tvs_state.dart
DA:4,2
DA:6,1
DA:7,1
DA:17,1
DA:19,1
DA:20,2
DA:26,2
DA:28,1
DA:29,2
LF:9
LH:9
end_of_record
SF:lib/presentation/bloc/event/now_playing_tvs_event.dart
DA:4,2
DA:6,0
DA:7,0
LF:3
LH:1
end_of_record
SF:lib/presentation/bloc/bloc/now_playing_tvs_bloc.dart
DA:12,3
DA:13,2
DA:14,2
DA:16,3
DA:18,1
DA:19,2
DA:20,2
DA:22,2
DA:23,1
LF:9
LH:9
end_of_record
SF:lib/presentation/bloc/state/popular_movies_state.dart
DA:4,3
DA:6,1
DA:7,1
DA:17,2
DA:19,1
DA:20,2
DA:26,3
DA:28,1
DA:29,2
LF:9
LH:9
end_of_record
SF:lib/presentation/bloc/bloc/popular_movies_bloc.dart
DA:12,3
DA:13,2
DA:14,2
DA:16,3
DA:18,1
DA:19,2
DA:20,2
DA:22,2
DA:23,1
LF:9
LH:9
end_of_record
SF:lib/presentation/bloc/event/popular_movies_event.dart
DA:4,3
DA:6,0
DA:7,0
LF:3
LH:1
end_of_record
SF:lib/presentation/bloc/bloc/popular_tvs_bloc.dart
DA:12,3
DA:13,2
DA:14,2
DA:16,3
DA:18,1
DA:19,2
DA:20,2
DA:22,2
DA:23,1
LF:9
LH:9
end_of_record
SF:lib/presentation/bloc/event/popular_tvs_event.dart
DA:4,3
DA:6,0
DA:7,0
LF:3
LH:1
end_of_record
SF:lib/presentation/bloc/state/popular_tvs_state.dart
DA:4,3
DA:6,1
DA:7,1
DA:17,2
DA:19,1
DA:20,2
DA:26,3
DA:28,1
DA:29,2
LF:9
LH:9
end_of_record
SF:lib/presentation/bloc/bloc/top_rated_movies_bloc.dart
DA:13,3
DA:14,2
DA:15,2
DA:17,3
DA:19,1
DA:20,2
DA:21,2
DA:23,2
DA:24,1
LF:9
LH:9
end_of_record
SF:lib/presentation/bloc/event/top_rated_movies_event.dart
DA:4,3
DA:6,0
DA:7,0
LF:3
LH:1
end_of_record
SF:lib/presentation/bloc/state/top_rated_movies_state.dart
DA:4,3
DA:6,1
DA:7,1
DA:17,2
DA:19,1
DA:20,2
DA:26,3
DA:28,1
DA:29,2
LF:9
LH:9
end_of_record
SF:lib/presentation/bloc/state/top_rated_tvs_state.dart
DA:4,3
DA:6,1
DA:7,1
DA:17,2
DA:19,1
DA:20,2
DA:26,3
DA:28,1
DA:29,2
LF:9
LH:9
end_of_record
SF:lib/presentation/bloc/event/top_rated_tvs_event.dart
DA:4,3
DA:6,0
DA:7,0
LF:3
LH:1
end_of_record
SF:lib/presentation/bloc/bloc/top_rated_tvs_bloc.dart
DA:12,3
DA:13,2
DA:14,2
DA:16,3
DA:18,1
DA:19,2
DA:20,2
DA:22,2
DA:23,1
LF:9
LH:9
end_of_record
SF:lib/presentation/bloc/event/tv_detail_event.dart
DA:4,2
DA:6,0
DA:7,0
DA:13,2
DA:15,0
DA:16,0
LF:6
LH:2
end_of_record
SF:lib/presentation/bloc/state/tv_detail_state.dart
DA:4,2
DA:6,1
DA:7,1
DA:17,1
DA:19,1
DA:20,2
DA:26,2
DA:28,1
DA:29,2
LF:9
LH:9
end_of_record
SF:lib/presentation/bloc/bloc/tv_detail_bloc.dart
DA:12,3
DA:13,2
DA:14,2
DA:16,4
DA:18,1
DA:19,2
DA:20,2
DA:22,2
DA:23,1
LF:9
LH:9
end_of_record
SF:lib/presentation/bloc/bloc/tv_episode_bloc.dart
DA:12,3
DA:13,2
DA:14,2
DA:16,3
DA:17,3
DA:19,1
DA:20,2
DA:21,2
DA:23,2
DA:24,1
LF:10
LH:10
end_of_record
SF:lib/presentation/bloc/event/tv_episode_event.dart
DA:4,2
DA:6,0
DA:7,0
DA:15,2
DA:17,0
DA:18,0
LF:6
LH:2
end_of_record
SF:lib/presentation/bloc/state/tv_episode_state.dart
DA:4,2
DA:6,1
DA:7,1
DA:17,1
DA:19,1
DA:20,2
DA:26,2
DA:28,1
DA:29,2
LF:9
LH:9
end_of_record
SF:lib/presentation/bloc/event/tv_recommendations_event.dart
DA:4,2
DA:6,0
DA:7,0
DA:13,2
DA:15,0
DA:16,0
LF:6
LH:2
end_of_record
SF:lib/presentation/bloc/state/tv_recommendations_state.dart
DA:4,2
DA:6,1
DA:7,1
DA:17,1
DA:19,1
DA:20,2
DA:26,2
DA:28,1
DA:29,2
LF:9
LH:9
end_of_record
SF:lib/presentation/bloc/bloc/tv_recommendations_bloc.dart
DA:12,1
DA:13,2
DA:14,2
DA:15,2
DA:17,4
DA:19,1
DA:20,4
DA:21,2
DA:22,1
LF:9
LH:9
end_of_record
SF:lib/presentation/bloc/state/tv_search_state.dart
DA:4,2
DA:6,1
DA:7,1
DA:17,1
DA:19,1
DA:20,2
DA:26,2
DA:28,1
DA:29,2
LF:9
LH:9
end_of_record
SF:lib/presentation/bloc/event/tv_search_event.dart
DA:4,1
DA:6,0
DA:7,0
DA:13,1
DA:15,0
DA:16,0
DA:19,1
DA:20,3
LF:8
LH:4
end_of_record
SF:lib/presentation/bloc/bloc/tv_search_bloc.dart
DA:13,3
DA:14,2
DA:15,1
DA:17,2
DA:18,3
DA:20,1
DA:21,1
DA:22,3
DA:24,1
DA:25,2
DA:28,1
LF:11
LH:11
end_of_record
SF:lib/presentation/bloc/event/watchlist_movie_event.dart
DA:4,3
DA:6,0
DA:7,0
DA:15,2
DA:17,0
DA:18,0
DA:24,1
DA:26,0
DA:27,0
DA:33,2
DA:35,0
DA:36,0
LF:12
LH:4
end_of_record
SF:lib/presentation/bloc/state/watchlist_movie_state.dart
DA:4,3
DA:6,1
DA:7,1
DA:14,2
DA:16,1
DA:17,3
DA:27,1
DA:29,1
DA:30,2
DA:36,2
DA:38,1
DA:39,2
LF:12
LH:12
end_of_record
SF:lib/presentation/bloc/bloc/watchlist_movie_bloc.dart
DA:22,1
DA:24,2
DA:25,1
DA:26,2
DA:28,1
DA:29,2
DA:31,1
DA:32,2
DA:34,1
DA:35,2
DA:38,1
DA:40,2
DA:42,3
DA:44,1
DA:45,2
DA:46,2
DA:48,2
DA:49,1
DA:54,1
DA:56,4
DA:58,1
DA:59,2
DA:60,2
DA:62,2
DA:63,1
DA:68,1
DA:70,4
DA:72,1
DA:73,2
DA:74,2
DA:76,2
DA:77,1
DA:82,1
DA:84,4
DA:86,2
LF:35
LH:35
end_of_record
SF:lib/presentation/bloc/state/watchlist_tv_state.dart
DA:4,3
DA:6,1
DA:7,1
DA:14,2
DA:16,1
DA:17,3
DA:27,1
DA:29,1
DA:30,2
DA:36,2
DA:38,1
DA:39,2
LF:12
LH:12
end_of_record
SF:lib/presentation/bloc/event/watchlist_tv_event.dart
DA:4,3
DA:6,0
DA:7,0
DA:15,2
DA:17,0
DA:18,0
DA:24,1
DA:26,0
DA:27,0
DA:33,2
DA:35,0
DA:36,0
LF:12
LH:4
end_of_record
SF:lib/presentation/bloc/bloc/watchlist_tv_bloc.dart
DA:19,1
DA:21,2
DA:22,3
DA:24,3
DA:26,1
DA:27,2
DA:29,1
DA:30,2
DA:33,1
DA:35,2
DA:37,3
DA:39,1
DA:40,2
DA:41,2
DA:43,2
DA:44,1
DA:49,1
DA:51,4
DA:53,1
DA:54,2
DA:55,2
DA:57,2
DA:58,1
DA:63,1
DA:65,4
DA:67,1
DA:68,2
DA:69,2
DA:71,2
DA:72,1
DA:77,1
DA:79,4
DA:81,2
LF:33
LH:33
end_of_record
SF:lib/presentation/pages/top_rated_movies_page.dart
DA:10,1
DA:11,1
DA:15,1
DA:17,1
DA:18,1
DA:19,5
DA:22,1
DA:24,1
DA:25,1
DA:26,1
DA:28,1
DA:30,1
DA:31,1
DA:32,1
DA:33,1
DA:34,1
DA:36,1
DA:37,1
DA:38,0
DA:39,0
DA:40,0
DA:42,2
DA:44,1
DA:45,1
DA:46,1
DA:47,2
DA:50,0
LF:27
LH:23
end_of_record
SF:lib/common/constants.dart
DA:15,4
DA:16,2
DA:17,15
DA:19,0
DA:21,0
DA:25,0
LF:6
LH:3
end_of_record
SF:lib/presentation/pages/movie_detail_page.dart
DA:18,1
DA:20,1
DA:21,1
DA:25,1
DA:27,1
DA:28,2
DA:29,6
DA:30,1
DA:31,1
DA:32,4
DA:33,1
DA:34,1
DA:35,4
DA:39,1
DA:41,1
DA:42,1
DA:43,1
DA:44,1
DA:45,1
DA:46,1
DA:48,1
DA:49,1
DA:50,1
DA:51,1
DA:53,0
DA:54,0
DA:56,0
DA:67,1
DA:69,1
DA:71,3
DA:72,1
DA:73,1
DA:74,1
DA:75,3
DA:77,2
DA:78,1
DA:80,0
DA:82,1
DA:84,1
DA:85,1
DA:86,1
DA:87,1
DA:89,2
DA:96,1
DA:97,1
DA:98,1
DA:100,1
DA:102,1
DA:104,1
DA:105,1
DA:106,2
DA:107,1
DA:109,1
DA:111,1
DA:112,1
DA:113,1
DA:114,1
DA:115,1
DA:117,1
DA:118,3
DA:120,0
DA:121,0
DA:126,1
DA:127,1
DA:128,1
DA:133,1
DA:134,0
DA:136,1
DA:137,1
DA:138,2
DA:140,0
DA:142,0
DA:143,0
DA:144,0
DA:149,1
DA:151,1
DA:152,1
DA:153,1
DA:154,1
DA:155,1
DA:156,0
DA:157,1
DA:163,1
DA:164,3
DA:166,1
DA:167,3
DA:169,1
DA:170,1
DA:171,1
DA:172,3
DA:174,2
DA:180,4
DA:183,1
DA:184,1
DA:186,1
DA:188,1
DA:189,2
DA:191,1
DA:192,1
DA:194,1
DA:196,1
DA:198,1
DA:199,1
DA:200,0
DA:201,0
DA:203,1
DA:204,0
DA:206,1
DA:207,1
DA:209,1
DA:211,0
DA:212,0
DA:213,0
DA:215,0
DA:216,0
DA:217,0
DA:220,0
DA:223,0
DA:224,0
DA:225,0
DA:227,0
DA:229,0
DA:230,0
DA:231,0
DA:233,0
DA:236,0
DA:237,0
DA:243,2
DA:247,0
DA:255,1
DA:257,1
DA:272,1
DA:274,1
DA:277,1
DA:278,1
DA:279,0
DA:280,0
DA:289,1
DA:291,2
DA:292,3
DA:295,1
DA:299,3
DA:302,1
DA:303,1
DA:304,1
DA:306,1
DA:307,1
DA:309,0
LF:148
LH:112
end_of_record
SF:lib/presentation/widgets/movie_card_list.dart
DA:10,2
DA:12,2
DA:14,2
DA:16,2
DA:17,0
DA:18,0
DA:21,0
DA:24,2
DA:26,2
DA:27,2
DA:28,2
DA:34,2
DA:36,2
DA:37,2
DA:38,4
DA:41,2
DA:43,2
DA:44,2
DA:45,4
DA:53,2
DA:58,2
DA:59,2
DA:60,6
DA:62,4
DA:63,2
DA:65,0
DA:67,4
LF:27
LH:23
end_of_record
SF:lib/presentation/pages/about_page.dart
DA:7,1
DA:9,1
DA:10,1
DA:11,1
DA:12,1
DA:13,1
DA:14,1
DA:15,1
DA:17,1
DA:18,1
DA:25,1
DA:26,1
DA:29,1
DA:31,1
DA:38,1
DA:39,1
DA:40,0
DA:41,1
LF:18
LH:17
end_of_record
SF:lib/presentation/pages/popular_tvs_page.dart
DA:10,1
DA:11,1
DA:15,1
DA:17,1
DA:18,1
DA:19,5
DA:22,1
DA:24,1
DA:25,1
DA:26,1
DA:28,1
DA:30,1
DA:31,1
DA:32,1
DA:33,1
DA:34,1
DA:36,1
DA:37,1
DA:38,0
DA:39,0
DA:40,0
DA:42,2
DA:44,1
DA:45,1
DA:46,1
DA:47,2
DA:50,0
LF:27
LH:23
end_of_record
SF:lib/presentation/pages/tv_detail_page.dart
DA:20,1
DA:22,1
DA:23,1
DA:27,1
DA:29,1
DA:30,2
DA:31,6
DA:32,1
DA:33,1
DA:34,4
DA:35,6
DA:39,1
DA:41,1
DA:42,1
DA:43,1
DA:44,1
DA:45,1
DA:46,1
DA:48,1
DA:49,1
DA:50,1
DA:51,1
DA:53,0
DA:54,0
DA:56,0
DA:67,1
DA:69,1
DA:71,3
DA:72,1
DA:73,1
DA:74,1
DA:75,3
DA:77,2
DA:78,1
DA:80,0
DA:82,1
DA:84,1
DA:85,1
DA:86,1
DA:87,1
DA:89,2
DA:96,1
DA:97,1
DA:98,1
DA:100,1
DA:102,1
DA:104,1
DA:105,1
DA:106,2
DA:107,1
DA:109,1
DA:110,1
DA:111,1
DA:112,1
DA:113,1
DA:114,1
DA:116,1
DA:117,3
DA:120,0
DA:121,0
DA:126,1
DA:127,1
DA:128,1
DA:133,1
DA:134,0
DA:136,1
DA:137,1
DA:138,2
DA:140,0
DA:142,0
DA:143,0
DA:144,0
DA:149,1
DA:151,1
DA:152,1
DA:153,1
DA:154,1
DA:155,1
DA:156,0
DA:157,1
DA:163,1
DA:164,3
DA:166,1
DA:167,2
DA:169,1
DA:170,1
DA:171,1
DA:172,3
DA:174,2
DA:180,4
DA:183,1
DA:184,1
DA:186,1
DA:188,1
DA:189,2
DA:191,1
DA:194,2
DA:195,1
DA:196,1
DA:198,1
DA:200,1
DA:202,1
DA:203,1
DA:204,0
DA:205,0
DA:207,1
DA:208,0
DA:209,1
DA:210,1
DA:212,1
DA:214,1
DA:215,2
DA:216,1
DA:218,1
DA:219,0
DA:220,0
DA:223,0
DA:226,1
DA:227,1
DA:228,1
DA:230,1
DA:232,2
DA:233,1
DA:234,1
DA:236,1
DA:239,0
DA:240,0
DA:246,2
DA:250,0
DA:258,1
DA:260,1
DA:275,1
DA:277,1
DA:280,1
DA:281,1
DA:282,0
DA:283,0
DA:292,1
DA:294,2
DA:295,3
DA:298,1
DA:302,3
DA:308,2
DA:310,1
DA:311,1
DA:317,1
DA:319,5
DA:321,1
DA:322,4
DA:323,6
DA:327,1
DA:330,1
DA:332,1
DA:334,1
DA:335,1
DA:336,1
DA:337,1
DA:338,4
DA:339,1
DA:340,1
DA:342,2
DA:345,1
DA:346,0
DA:347,0
DA:348,0
DA:349,0
DA:354,1
DA:355,1
DA:356,1
DA:357,0
DA:358,1
DA:359,0
DA:360,1
DA:361,1
DA:363,1
DA:364,1
DA:365,5
DA:366,3
DA:369,0
DA:370,0
DA:372,0
DA:376,1
DA:377,1
DA:379,1
DA:381,1
DA:382,4
DA:383,1
DA:384,1
DA:385,1
DA:386,1
DA:387,1
DA:391,1
DA:392,2
DA:393,1
DA:394,1
DA:395,1
DA:396,3
DA:402,0
DA:406,0
DA:407,0
DA:408,0
DA:409,0
DA:410,0
DA:417,0
DA:418,0
DA:419,0
LF:206
LH:165
end_of_record
SF:lib/common/utils.dart
DA:3,3
LF:1
LH:1
end_of_record
SF:lib/presentation/pages/home_movie_page.dart
DA:28,1
DA:29,1
DA:33,1
DA:35,1
DA:36,2
DA:37,4
DA:38,4
DA:39,4
DA:41,4
DA:42,4
DA:43,4
DA:47,1
DA:49,1
DA:51,1
DA:52,1
DA:53,1
DA:54,1
DA:55,1
DA:56,1
DA:57,1
DA:58,1
DA:59,1
DA:61,1
DA:62,1
DA:64,1
DA:65,1
DA:66,1
DA:67,0
DA:68,0
DA:71,1
DA:72,1
DA:73,1
DA:74,0
DA:75,0
DA:78,1
DA:79,0
DA:80,0
DA:82,1
DA:83,1
DA:88,1
DA:89,1
DA:90,1
DA:91,1
DA:92,1
DA:95,1
DA:96,1
DA:97,1
DA:98,0
DA:99,0
DA:102,0
DA:105,1
DA:109,1
DA:110,1
DA:111,1
DA:112,1
DA:122,1
DA:124,1
DA:126,1
DA:127,1
DA:129,1
DA:130,1
DA:132,1
DA:134,1
DA:135,1
DA:136,1
DA:137,1
DA:138,1
DA:140,1
DA:141,2
DA:143,0
DA:147,1
DA:149,0
DA:150,0
DA:152,1
DA:153,1
DA:154,1
DA:155,1
DA:156,1
DA:158,1
DA:159,2
DA:161,0
DA:165,1
DA:167,0
DA:168,0
DA:170,1
DA:171,1
DA:172,1
DA:173,1
DA:174,1
DA:176,1
DA:177,2
DA:179,0
DA:191,1
DA:193,1
DA:195,1
DA:196,1
DA:198,1
DA:199,1
DA:201,1
DA:203,1
DA:204,1
DA:205,1
DA:206,0
DA:207,0
DA:209,1
DA:210,2
DA:212,0
DA:216,1
DA:218,0
DA:219,0
DA:221,1
DA:222,1
DA:223,1
DA:224,0
DA:225,0
DA:227,1
DA:228,2
DA:230,0
DA:234,1
DA:236,0
DA:237,0
DA:239,1
DA:240,1
DA:241,1
DA:242,0
DA:243,0
DA:245,1
DA:246,2
DA:248,0
DA:262,1
DA:264,1
DA:266,1
DA:268,1
DA:270,1
DA:271,2
DA:272,1
DA:274,1
DA:275,0
DA:276,0
DA:279,0
DA:282,1
DA:283,2
DA:284,1
DA:285,2
DA:286,2
DA:287,1
DA:289,0
DA:295,2
DA:304,1
DA:306,1
DA:308,1
DA:310,1
DA:312,1
DA:313,2
DA:314,1
DA:316,1
DA:317,0
DA:318,0
DA:321,0
DA:324,1
DA:325,2
DA:326,1
DA:327,2
DA:328,2
DA:329,1
DA:331,0
DA:337,2
LF:167
LH:130
end_of_record
SF:lib/presentation/pages/popular_movies_page.dart
DA:10,1
DA:11,1
DA:15,1
DA:17,1
DA:18,1
DA:19,5
DA:22,1
DA:24,1
DA:25,1
DA:26,1
DA:28,1
DA:30,1
DA:31,1
DA:32,1
DA:33,1
DA:34,1
DA:36,1
DA:37,1
DA:38,0
DA:39,0
DA:40,0
DA:42,2
DA:44,1
DA:45,1
DA:46,1
DA:47,2
DA:50,0
LF:27
LH:23
end_of_record
SF:lib/presentation/pages/search_page.dart
DA:14,1
DA:16,1
DA:18,2
DA:19,1
DA:20,1
DA:21,2
DA:23,1
DA:25,1
DA:27,1
DA:28,1
DA:29,0
DA:32,0
DA:33,0
DA:34,0
DA:36,1
DA:38,1
DA:39,1
DA:43,1
DA:44,1
DA:46,1
DA:49,1
DA:50,1
DA:51,1
DA:52,0
DA:53,0
DA:55,1
DA:56,1
DA:57,1
DA:58,1
DA:60,1
DA:61,1
DA:62,1
DA:64,1
DA:68,0
DA:69,0
DA:74,1
DA:75,1
DA:76,1
DA:77,0
DA:78,0
DA:80,1
DA:81,1
DA:82,1
DA:83,1
DA:85,1
DA:86,1
DA:87,1
DA:89,1
DA:93,0
DA:94,0
LF:50
LH:38
end_of_record
SF:lib/presentation/pages/top_rated_tvs_page.dart
DA:10,1
DA:11,1
DA:15,1
DA:17,1
DA:18,1
DA:19,5
DA:22,1
DA:24,1
DA:25,1
DA:26,1
DA:28,1
DA:30,1
DA:31,1
DA:32,1
DA:33,1
DA:34,1
DA:36,1
DA:37,1
DA:38,0
DA:39,0
DA:40,0
DA:42,2
DA:44,1
DA:45,1
DA:46,1
DA:47,2
DA:50,0
LF:27
LH:23
end_of_record
SF:lib/presentation/pages/watchlist_movies_page.dart
DA:12,1
DA:14,1
DA:16,1
DA:17,1
DA:18,1
DA:19,1
DA:20,1
DA:21,1
DA:24,1
DA:30,1
DA:31,1
DA:32,1
DA:33,1
DA:42,1
DA:43,1
DA:48,1
DA:50,1
DA:51,1
DA:52,5
DA:55,1
DA:57,1
DA:58,4
DA:61,0
DA:62,0
DA:65,1
DA:67,1
DA:69,1
DA:70,1
DA:71,1
DA:72,0
DA:73,0
DA:75,1
DA:76,1
DA:77,1
DA:78,2
DA:79,1
DA:81,2
DA:83,0
DA:84,0
DA:85,0
DA:86,0
DA:89,0
DA:96,1
DA:98,2
DA:99,1
DA:104,1
DA:105,1
DA:109,1
DA:111,1
DA:112,1
DA:113,5
DA:116,1
DA:118,1
DA:119,4
DA:122,0
DA:123,0
DA:126,1
DA:128,1
DA:130,1
DA:131,1
DA:132,1
DA:133,0
DA:134,0
DA:136,1
DA:137,1
DA:138,1
DA:139,2
DA:140,1
DA:142,2
DA:144,0
DA:145,0
DA:146,0
DA:147,0
DA:150,0
DA:157,1
DA:159,2
DA:160,1
LF:77
LH:59
end_of_record
SF:lib/presentation/widgets/sub_heading.dart
DA:8,1
DA:10,1
DA:12,1
DA:14,1
DA:15,1
DA:16,1
DA:17,1
DA:19,1
DA:20,1
DA:21,1
DA:23,1
DA:24,3
LF:12
LH:12
end_of_record
SF:lib/presentation/widgets/tv_card_list.dart
DA:10,2
DA:12,2
DA:14,2
DA:16,2
DA:17,0
DA:18,0
DA:21,0
DA:24,2
DA:26,2
DA:27,2
DA:28,2
DA:34,2
DA:36,2
DA:37,2
DA:38,4
DA:41,2
DA:43,2
DA:44,2
DA:45,4
DA:53,2
DA:58,2
DA:59,2
DA:60,6
DA:62,4
DA:63,2
DA:65,0
DA:67,4
LF:27
LH:23
end_of_record
SF:lib/main.dart
DA:36,0
DA:37,0
DA:38,0
DA:39,0
DA:40,0
DA:41,0
DA:45,0
DA:47,0
DA:48,0
DA:49,0
DA:50,0
DA:52,0
DA:53,0
DA:55,0
DA:56,0
DA:58,0
DA:59,0
DA:61,0
DA:62,0
DA:64,0
DA:65,0
DA:67,0
DA:68,0
DA:70,0
DA:71,0
DA:73,0
DA:74,0
DA:76,0
DA:77,0
DA:79,0
DA:80,0
DA:82,0
DA:83,0
DA:85,0
DA:86,0
DA:88,0
DA:89,0
DA:91,0
DA:92,0
DA:95,0
DA:97,0
DA:100,0
DA:101,0
DA:103,0
DA:104,0
DA:105,0
DA:106,0
DA:107,0
DA:108,0
DA:109,0
DA:110,0
DA:111,0
DA:112,0
DA:113,0
DA:114,0
DA:115,0
DA:116,0
DA:117,0
DA:118,0
DA:119,0
DA:120,0
DA:123,0
DA:124,0
DA:125,0
DA:126,0
DA:129,0
DA:130,0
DA:131,0
DA:132,0
DA:133,0
DA:134,0
DA:135,0
DA:136,0
DA:138,0
DA:139,0
DA:140,0
DA:141,0
LF:77
LH:0
end_of_record
SF:lib/common/state_enum.dart
DA:1,1
LF:1
LH:1
end_of_record
SF:lib/common/ssl_pinning.dart
DA:45,0
DA:46,0
DA:49,0
DA:51,0
DA:52,0
DA:55,0
DA:58,0
DA:60,0
DA:63,0
DA:65,0
DA:66,0
DA:67,0
DA:69,0
DA:70,0
DA:71,0
DA:72,0
DA:73,0
DA:75,0
DA:79,0
DA:82,0
DA:83,0
DA:84,0
DA:89,0
DA:90,0
LF:24
LH:0
end_of_record
SF:lib/injection.dart
DA:49,0
DA:51,0
DA:53,0
DA:54,0
DA:55,0
DA:58,0
DA:59,0
DA:60,0
DA:63,0
DA:64,0
DA:65,0
DA:68,0
DA:69,0
DA:70,0
DA:73,0
DA:74,0
DA:75,0
DA:78,0
DA:79,0
DA:80,0
DA:83,0
DA:84,0
DA:88,0
DA:89,0
DA:91,0
DA:92,0
DA:93,0
DA:96,0
DA:97,0
DA:98,0
DA:101,0
DA:102,0
DA:103,0
DA:106,0
DA:107,0
DA:108,0
DA:111,0
DA:112,0
DA:113,0
DA:116,0
DA:117,0
DA:120,0
DA:121,0
DA:125,0
DA:126,0
DA:127,0
DA:128,0
DA:129,0
DA:130,0
DA:131,0
DA:132,0
DA:133,0
DA:134,0
DA:137,0
DA:138,0
DA:139,0
DA:140,0
DA:141,0
DA:142,0
DA:143,0
DA:144,0
DA:145,0
DA:146,0
DA:147,0
DA:150,0
DA:151,0
DA:152,0
DA:153,0
DA:157,0
DA:158,0
DA:159,0
DA:160,0
DA:165,0
DA:166,0
DA:167,0
DA:168,0
DA:170,0
DA:171,0
DA:172,0
DA:173,0
DA:176,0
DA:179,0
LF:82
LH:0
end_of_record
SF:lib/data/repositories/tv_repository_impl.dart
DA:18,0
DA:24,0
DA:26,0
DA:27,0
DA:28,0
DA:29,0
DA:30,0
DA:31,0
DA:32,0
DA:33,0
DA:38,0
DA:40,0
DA:41,0
DA:42,0
DA:43,0
DA:44,0
DA:45,0
DA:46,0
DA:47,0
DA:52,0
DA:54,0
DA:55,0
DA:56,0
DA:57,0
DA:58,0
DA:59,0
DA:60,0
DA:61,0
DA:66,0
DA:68,0
DA:69,0
DA:70,0
DA:71,0
DA:72,0
DA:73,0
DA:74,0
DA:75,0
DA:80,0
DA:82,0
DA:83,0
DA:84,0
DA:85,0
DA:86,0
DA:87,0
DA:88,0
DA:89,0
DA:94,0
DA:96,0
DA:97,0
DA:98,0
DA:99,0
DA:100,0
DA:101,0
DA:102,0
DA:103,0
DA:108,0
DA:111,0
DA:112,0
DA:113,0
DA:114,0
DA:115,0
DA:116,0
DA:123,0
DA:126,0
DA:127,0
DA:128,0
DA:129,0
DA:130,0
DA:131,0
DA:136,0
DA:137,0
DA:142,0
DA:143,0
DA:144,0
DA:148,0
DA:152,0
DA:153,0
DA:154,0
DA:155,0
DA:156,0
DA:157,0
DA:158,0
DA:159,0
LF:83
LH:0
end_of_record
